[Utils] MethodGroupsHelper.collectMethodsByGroup() took 0 ms.
[Utils] MethodGroupsHelper.sortMethods() took 1 ms.
[Utils] MethodGroupsHelper.collectMethodsByGroup() took 0 ms.
[Utils] MethodGroupsHelper.sortMethods() took 0 ms.
[Utils] MethodGroupsHelper.collectMethodsByGroup() took 0 ms.
[Utils] MethodGroupsHelper.sortMethods() took 0 ms.
[Utils] MethodGroupsHelper.collectMethodsByGroup() took 0 ms.
[Utils] MethodGroupsHelper.sortMethods() took 0 ms.
[Utils] MethodGroupsHelper.collectMethodsByGroup() took 1 ms.
[Utils] MethodGroupsHelper.sortMethods() took 8 ms.
[Utils] MethodGroupsHelper.collectMethodsByGroup() took 0 ms.
[Utils] MethodGroupsHelper.sortMethods() took 0 ms.
[Utils] MethodGroupsHelper.collectMethodsByGroup() took 0 ms.
[Utils] MethodGroupsHelper.sortMethods() took 0 ms.
[Utils] MethodGroupsHelper.collectMethodsByGroup() took 0 ms.
[Utils] MethodGroupsHelper.sortMethods() took 0 ms.
[Utils] MethodGroupsHelper.collectMethodsByGroup() took 0 ms.
[Utils] MethodGroupsHelper.sortMethods() took 0 ms.
[Utils] MethodGroupsHelper.collectMethodsByGroup() took 0 ms.
[Utils] MethodGroupsHelper.sortMethods() took 0 ms.
[Utils] MethodGroupsHelper.collectMethodsByGroup() took 0 ms.
[Utils] MethodGroupsHelper.sortMethods() took 0 ms.
[Utils] MethodGroupsHelper.collectMethodsByGroup() took 0 ms.
[Utils] MethodGroupsHelper.sortMethods() took 0 ms.
[Utils] MethodGroupsHelper.collectMethodsByGroup() took 1 ms.
[Utils] MethodGroupsHelper.sortMethods() took 0 ms.
[Utils] MethodGroupsHelper.collectMethodsByGroup() took 0 ms.
[Utils] MethodGroupsHelper.sortMethods() took 0 ms.
[Utils] MethodGroupsHelper.collectMethodsByGroup() took 0 ms.
[Utils] MethodGroupsHelper.sortMethods() took 0 ms.
[TestNG] Running:
  C:\Users\shanm\AppData\Local\Temp\testng-eclipse--1479179336\testng-customsuite.xml

[Utils] DynamicGraphHelper.createDynamicGraph() took 3 ms.
[TestNG] Time taken by org.testng.reporters.jq.Main@41dd05a: 39 ms
[TestNG] Time taken by org.testng.reporters.FailedReporter@2ceb80a1: 9 ms
[TestNG] Time taken by org.testng.reporters.XMLReporter@615091b8: 6 ms
[TestNG] Time taken by org.testng.reporters.EmailableReporter2@4b2a01d4: 9 ms
[TestNG] Time taken by org.testng.reporters.JUnitReportReporter@23bff419: 4 ms
[TestNG] Time taken by org.testng.internal.ExitCodeListener@4983159f: 0 ms
[TestNG] Running:
  C:\workspaces\javatest\OpencartTesting\master.xml

***** Starting TC001_AccountRegistrationTest  ****
clicked on myaccount
clicking regpage
providing customer details
test passed
***** Finished AccountRegistrationTest1 *****
**** Starting TC_002_LoginTest  ****
clicked on myaccount link on the home page..
clicked on login link under myaccount..
Entering valid email and password..
**** Finished TC_002_LoginTest  ****
